0 info it worked if it ends with ok
1 verbose cli [ '/home/ar/.nvm/versions/node/v6.0.0/bin/node',
1 verbose cli   '/home/ar/.nvm/versions/node/v6.0.0/bin/npm',
1 verbose cli   'run',
1 verbose cli   'test' ]
2 info using npm@3.8.6
3 info using node@v6.0.0
4 verbose run-script [ 'pretest', 'test', 'posttest' ]
5 info lifecycle abl-payment-summary@0.0.2~pretest: abl-payment-summary@0.0.2
6 silly lifecycle abl-payment-summary@0.0.2~pretest: no script for pretest, continuing
7 info lifecycle abl-payment-summary@0.0.2~test: abl-payment-summary@0.0.2
8 verbose lifecycle abl-payment-summary@0.0.2~test: unsafe-perm in lifecycle true
9 verbose lifecycle abl-payment-summary@0.0.2~test: PATH: /home/ar/.nvm/versions/node/v6.0.0/lib/node_modules/npm/bin/node-gyp-bin:/home/ar/dev/abl-command-center/modules/abl-payment-summary/node_modules/.bin:/home/ar/.nvm/versions/node/v6.0.0/bin:/home/ar/.nvm/versions/node/v6.0.0/bin:/home/ar/bin:/home/ar/.local/bin:/usr/local/sbin:/usr/local/bin:/usr/sbin:/usr/bin:/sbin:/bin:/usr/games:/usr/local/games:/snap/bin
10 verbose lifecycle abl-payment-summary@0.0.2~test: CWD: /home/ar/dev/abl-command-center/modules/abl-payment-summary
11 silly lifecycle abl-payment-summary@0.0.2~test: Args: [ '-c', 'karma start karma.config.js' ]
12 silly lifecycle abl-payment-summary@0.0.2~test: Returned: code: 1  signal: null
13 info lifecycle abl-payment-summary@0.0.2~test: Failed to exec test script
14 verbose stack Error: abl-payment-summary@0.0.2 test: `karma start karma.config.js`
14 verbose stack Exit status 1
14 verbose stack     at EventEmitter.<anonymous> (/home/ar/.nvm/versions/node/v6.0.0/lib/node_modules/npm/lib/utils/lifecycle.js:239:16)
14 verbose stack     at emitTwo (events.js:106:13)
14 verbose stack     at EventEmitter.emit (events.js:191:7)
14 verbose stack     at ChildProcess.<anonymous> (/home/ar/.nvm/versions/node/v6.0.0/lib/node_modules/npm/lib/utils/spawn.js:24:14)
14 verbose stack     at emitTwo (events.js:106:13)
14 verbose stack     at ChildProcess.emit (events.js:191:7)
14 verbose stack     at maybeClose (internal/child_process.js:850:16)
14 verbose stack     at Process.ChildProcess._handle.onexit (internal/child_process.js:215:5)
15 verbose pkgid abl-payment-summary@0.0.2
16 verbose cwd /home/ar/dev/abl-command-center/modules/abl-payment-summary
17 error Linux 4.4.0-53-generic
18 error argv "/home/ar/.nvm/versions/node/v6.0.0/bin/node" "/home/ar/.nvm/versions/node/v6.0.0/bin/npm" "run" "test"
19 error node v6.0.0
20 error npm  v3.8.6
21 error code ELIFECYCLE
22 error abl-payment-summary@0.0.2 test: `karma start karma.config.js`
22 error Exit status 1
23 error Failed at the abl-payment-summary@0.0.2 test script 'karma start karma.config.js'.
23 error Make sure you have the latest version of node.js and npm installed.
23 error If you do, this is most likely a problem with the abl-payment-summary package,
23 error not with npm itself.
23 error Tell the author that this fails on your system:
23 error     karma start karma.config.js
23 error You can get information on how to open an issue for this project with:
23 error     npm bugs abl-payment-summary
23 error Or if that isn't available, you can get their info via:
23 error     npm owner ls abl-payment-summary
23 error There is likely additional logging output above.
24 verbose exit [ 1, true ]
